{
  "stats": {
    "suites": 1,
    "tests": 5,
    "passes": 5,
    "pending": 0,
    "failures": 0,
    "start": "2021-11-04T09:53:29.265Z",
    "end": "2021-11-04T09:53:48.606Z",
    "duration": 19341,
    "testsRegistered": 5,
    "passPercent": 100,
    "pendingPercent": 0,
    "other": 0,
    "hasOther": false,
    "skipped": 0,
    "hasSkipped": false
  },
  "results": [
    {
      "uuid": "31dd5203-61cf-4765-a58c-26f6ba6b792e",
      "title": "",
      "fullFile": "cypress/integration/testCases.js",
      "file": "cypress/integration/testCases.js",
      "beforeHooks": [],
      "afterHooks": [],
      "tests": [],
      "suites": [
        {
          "uuid": "e5b8cc0c-7438-4029-b6d3-f8fee6d9fbfb",
          "title": "My first test suite",
          "fullFile": "",
          "file": "",
          "beforeHooks": [],
          "afterHooks": [],
          "tests": [
            {
              "title": "Create client and delete it",
              "fullTitle": "My first test suite Create client and delete it",
              "timedOut": null,
              "duration": 5760,
              "state": "passed",
              "speed": "medium",
              "pass": true,
              "fail": false,
              "pending": false,
              "context": null,
              "code": "//navigating to create client page\nmenu.enterClientPage(cy); //navigatin to new client pageS\nclient.enterCreateClient(cy); //typing in account information and saving\ncreateClient.createClient(); //delete client 3\nclient.deleteClient3(cy);",
              "err": {},
              "uuid": "b58a64ba-76a9-470d-ae74-6c91b92b8b6f",
              "parentUUID": "e5b8cc0c-7438-4029-b6d3-f8fee6d9fbfb",
              "isHook": false,
              "skipped": false
            },
            {
              "title": "Create a bill",
              "fullTitle": "My first test suite Create a bill",
              "timedOut": null,
              "duration": 2682,
              "state": "passed",
              "speed": "fast",
              "pass": true,
              "fail": false,
              "pending": false,
              "context": null,
              "code": "//Create bill\nmenu.enterBillsPage(cy);\nbill.createBillPage(cy);\ncreateBill.createBill(cy);",
              "err": {},
              "uuid": "39a16ee0-92da-4f4f-8a0a-a01cf7b46b06",
              "parentUUID": "e5b8cc0c-7438-4029-b6d3-f8fee6d9fbfb",
              "isHook": false,
              "skipped": false
            },
            {
              "title": "Edit a bill",
              "fullTitle": "My first test suite Edit a bill",
              "timedOut": null,
              "duration": 2317,
              "state": "passed",
              "speed": "fast",
              "pass": true,
              "fail": false,
              "pending": false,
              "context": null,
              "code": "//navigate to bills page\nmenu.enterBillsPage(cy); //open up bill #1\nbill.editBill(cy); //edit bill #1\neditBill.editBill1(cy);",
              "err": {},
              "uuid": "a58624da-1555-414c-92bb-f7fe300f167a",
              "parentUUID": "e5b8cc0c-7438-4029-b6d3-f8fee6d9fbfb",
              "isHook": false,
              "skipped": false
            },
            {
              "title": "Pay a bill and delete it",
              "fullTitle": "My first test suite Pay a bill and delete it",
              "timedOut": null,
              "duration": 2425,
              "state": "passed",
              "speed": "fast",
              "pass": true,
              "fail": false,
              "pending": false,
              "context": null,
              "code": "//navigate to bills page\nmenu.enterBillsPage(cy); //open up bill #1\nbill.editBill(cy); //edit bill #1\neditBill.payBill1(cy);\nbill.deleteBill(cy);",
              "err": {},
              "uuid": "661be190-348c-441b-a141-f956eed43bdd",
              "parentUUID": "e5b8cc0c-7438-4029-b6d3-f8fee6d9fbfb",
              "isHook": false,
              "skipped": false
            },
            {
              "title": "Create a room and delete it",
              "fullTitle": "My first test suite Create a room and delete it",
              "timedOut": null,
              "duration": 3020,
              "state": "passed",
              "speed": "fast",
              "pass": true,
              "fail": false,
              "pending": false,
              "context": null,
              "code": "//navigate to rooms page\nmenu.enterRoomsPage(cy); //navigate to new room page\nroomFunctions.createRoom(cy); //create new room\nnewRoomFunctions.createNewRoom(cy); //delete newly created room\nroomFunctions.deleteRoom3(cy);",
              "err": {},
              "uuid": "07322329-a894-45c6-8423-06e43c408d4d",
              "parentUUID": "e5b8cc0c-7438-4029-b6d3-f8fee6d9fbfb",
              "isHook": false,
              "skipped": false
            }
          ],
          "suites": [],
          "passes": [
            "b58a64ba-76a9-470d-ae74-6c91b92b8b6f",
            "39a16ee0-92da-4f4f-8a0a-a01cf7b46b06",
            "a58624da-1555-414c-92bb-f7fe300f167a",
            "661be190-348c-441b-a141-f956eed43bdd",
            "07322329-a894-45c6-8423-06e43c408d4d"
          ],
          "failures": [],
          "pending": [],
          "skipped": [],
          "duration": 16204,
          "root": false,
          "rootEmpty": false,
          "_timeout": 2000
        }
      ],
      "passes": [],
      "failures": [],
      "pending": [],
      "skipped": [],
      "duration": 0,
      "root": true,
      "rootEmpty": true,
      "_timeout": 2000
    }
  ],
  "meta": {
    "mocha": {
      "version": "7.0.1"
    },
    "mochawesome": {
      "options": {
        "quiet": false,
        "reportFilename": "mochawesome",
        "saveHtml": true,
        "saveJson": true,
        "consoleReporter": "spec",
        "useInlineDiffs": false,
        "code": true
      },
      "version": "7.0.0"
    },
    "marge": {
      "options": {
        "reportDir": "cypress/report/mochawesome-report",
        "overwrite": false,
        "html": true,
        "json": true,
        "timestamp": "mmddyyyy-HHMMss"
      },
      "version": "6.0.0"
    }
  }
}