{
  "stats": {
    "suites": 1,
    "tests": 5,
    "passes": 5,
    "pending": 0,
    "failures": 0,
    "start": "2021-11-04T10:06:33.179Z",
    "end": "2021-11-04T10:06:49.391Z",
    "duration": 16212,
    "testsRegistered": 5,
    "passPercent": 100,
    "pendingPercent": 0,
    "other": 0,
    "hasOther": false,
    "skipped": 0,
    "hasSkipped": false
  },
  "results": [
    {
      "uuid": "2f1aaa4e-7cd3-46a8-a2db-f027499fb685",
      "title": "",
      "fullFile": "cypress/integration/testCases.js",
      "file": "cypress/integration/testCases.js",
      "beforeHooks": [],
      "afterHooks": [],
      "tests": [],
      "suites": [
        {
          "uuid": "988294b0-219d-4d7f-aa81-5c2c8d49df31",
          "title": "My first test suite",
          "fullFile": "",
          "file": "",
          "beforeHooks": [],
          "afterHooks": [],
          "tests": [
            {
              "title": "Create client and delete it",
              "fullTitle": "My first test suite Create client and delete it",
              "timedOut": null,
              "duration": 4340,
              "state": "passed",
              "speed": "fast",
              "pass": true,
              "fail": false,
              "pending": false,
              "context": null,
              "code": "//navigating to create client page\nmenu.enterClientPage(cy); //navigatin to new client pageS\nclient.enterCreateClient(cy); //typing in account information and saving\ncreateClient.createClient(); //delete client 3\nclient.deleteClient3(cy);",
              "err": {},
              "uuid": "6da54eb2-7bd7-4c45-ae32-37d9ed7d8c94",
              "parentUUID": "988294b0-219d-4d7f-aa81-5c2c8d49df31",
              "isHook": false,
              "skipped": false
            },
            {
              "title": "Create a bill",
              "fullTitle": "My first test suite Create a bill",
              "timedOut": null,
              "duration": 2376,
              "state": "passed",
              "speed": "fast",
              "pass": true,
              "fail": false,
              "pending": false,
              "context": null,
              "code": "//Create bill\nmenu.enterBillsPage(cy);\nbill.createBillPage(cy);\ncreateBill.createBill(cy);",
              "err": {},
              "uuid": "8089e630-30db-4685-b5be-58b5e6d3be96",
              "parentUUID": "988294b0-219d-4d7f-aa81-5c2c8d49df31",
              "isHook": false,
              "skipped": false
            },
            {
              "title": "Edit a bill",
              "fullTitle": "My first test suite Edit a bill",
              "timedOut": null,
              "duration": 2531,
              "state": "passed",
              "speed": "fast",
              "pass": true,
              "fail": false,
              "pending": false,
              "context": null,
              "code": "//navigate to bills page\nmenu.enterBillsPage(cy); //open up bill #1\nbill.editBill(cy); //edit bill #1\neditBill.editBill1(cy);",
              "err": {},
              "uuid": "d07f4a15-1bf0-4ad0-aac7-c8c260feb294",
              "parentUUID": "988294b0-219d-4d7f-aa81-5c2c8d49df31",
              "isHook": false,
              "skipped": false
            },
            {
              "title": "Pay a bill and delete it",
              "fullTitle": "My first test suite Pay a bill and delete it",
              "timedOut": null,
              "duration": 2354,
              "state": "passed",
              "speed": "fast",
              "pass": true,
              "fail": false,
              "pending": false,
              "context": null,
              "code": "//navigate to bills page\nmenu.enterBillsPage(cy); //open up bill #1\nbill.editBill(cy); //edit bill #1\neditBill.payBill1(cy);\nbill.deleteBill(cy);",
              "err": {},
              "uuid": "dbac8119-b117-413a-aa18-f7da3fb6f8bc",
              "parentUUID": "988294b0-219d-4d7f-aa81-5c2c8d49df31",
              "isHook": false,
              "skipped": false
            },
            {
              "title": "Create a room and delete it",
              "fullTitle": "My first test suite Create a room and delete it",
              "timedOut": null,
              "duration": 2978,
              "state": "passed",
              "speed": "fast",
              "pass": true,
              "fail": false,
              "pending": false,
              "context": null,
              "code": "//navigate to rooms page\nmenu.enterRoomsPage(cy); //navigate to new room page\nroomFunctions.createRoom(cy); //create new room\nnewRoomFunctions.createNewRoom(cy); //delete newly created room\nroomFunctions.deleteRoom3(cy);",
              "err": {},
              "uuid": "e0f7837b-4adc-4b28-becd-ff0e4e20e2e4",
              "parentUUID": "988294b0-219d-4d7f-aa81-5c2c8d49df31",
              "isHook": false,
              "skipped": false
            }
          ],
          "suites": [],
          "passes": [
            "6da54eb2-7bd7-4c45-ae32-37d9ed7d8c94",
            "8089e630-30db-4685-b5be-58b5e6d3be96",
            "d07f4a15-1bf0-4ad0-aac7-c8c260feb294",
            "dbac8119-b117-413a-aa18-f7da3fb6f8bc",
            "e0f7837b-4adc-4b28-becd-ff0e4e20e2e4"
          ],
          "failures": [],
          "pending": [],
          "skipped": [],
          "duration": 14579,
          "root": false,
          "rootEmpty": false,
          "_timeout": 2000
        }
      ],
      "passes": [],
      "failures": [],
      "pending": [],
      "skipped": [],
      "duration": 0,
      "root": true,
      "rootEmpty": true,
      "_timeout": 2000
    }
  ],
  "meta": {
    "mocha": {
      "version": "7.0.1"
    },
    "mochawesome": {
      "options": {
        "quiet": false,
        "reportFilename": "mochawesome",
        "saveHtml": true,
        "saveJson": true,
        "consoleReporter": "spec",
        "useInlineDiffs": false,
        "code": true
      },
      "version": "7.0.0"
    },
    "marge": {
      "options": {
        "reportDir": "cypress/report/mochawesome-report",
        "overwrite": false,
        "html": true,
        "json": true,
        "timestamp": "mmddyyyy-HHMMss"
      },
      "version": "6.0.0"
    }
  }
}